d:\howest\onedrive - hogeschool west-vlaanderen\cours\semester 4\programming 4\engine\gameengine\minigin\x64\debug\minigin.pch
d:\howest\onedrive - hogeschool west-vlaanderen\cours\semester 4\programming 4\engine\gameengine\minigin\x64\debug\vc142.pdb
d:\howest\onedrive - hogeschool west-vlaanderen\cours\semester 4\programming 4\engine\gameengine\minigin\x64\debug\vc142.idb
d:\howest\onedrive - hogeschool west-vlaanderen\cours\semester 4\programming 4\engine\gameengine\minigin\x64\debug\miniginpch.obj
d:\howest\onedrive - hogeschool west-vlaanderen\cours\semester 4\programming 4\engine\gameengine\minigin\x64\debug\imgui_widgets.obj
d:\howest\onedrive - hogeschool west-vlaanderen\cours\semester 4\programming 4\engine\gameengine\minigin\x64\debug\imgui_tables.obj
d:\howest\onedrive - hogeschool west-vlaanderen\cours\semester 4\programming 4\engine\gameengine\minigin\x64\debug\imgui_draw.obj
d:\howest\onedrive - hogeschool west-vlaanderen\cours\semester 4\programming 4\engine\gameengine\minigin\x64\debug\imgui_demo.obj
d:\howest\onedrive - hogeschool west-vlaanderen\cours\semester 4\programming 4\engine\gameengine\minigin\x64\debug\imgui.obj
d:\howest\onedrive - hogeschool west-vlaanderen\cours\semester 4\programming 4\engine\gameengine\minigin\x64\debug\imgui_impl_sdl.obj
d:\howest\onedrive - hogeschool west-vlaanderen\cours\semester 4\programming 4\engine\gameengine\minigin\x64\debug\imgui_impl_opengl2.obj
d:\howest\onedrive - hogeschool west-vlaanderen\cours\semester 4\programming 4\engine\gameengine\minigin\x64\debug\texture2d.obj
d:\howest\onedrive - hogeschool west-vlaanderen\cours\semester 4\programming 4\engine\gameengine\minigin\x64\debug\textrenderercomponent.obj
d:\howest\onedrive - hogeschool west-vlaanderen\cours\semester 4\programming 4\engine\gameengine\minigin\x64\debug\subjectcomponent.obj
d:\howest\onedrive - hogeschool west-vlaanderen\cours\semester 4\programming 4\engine\gameengine\minigin\x64\debug\sceneobject.obj
d:\howest\onedrive - hogeschool west-vlaanderen\cours\semester 4\programming 4\engine\gameengine\minigin\x64\debug\scenemanager.obj
d:\howest\onedrive - hogeschool west-vlaanderen\cours\semester 4\programming 4\engine\gameengine\minigin\x64\debug\scene.obj
d:\howest\onedrive - hogeschool west-vlaanderen\cours\semester 4\programming 4\engine\gameengine\minigin\x64\debug\resourcemanager.obj
d:\howest\onedrive - hogeschool west-vlaanderen\cours\semester 4\programming 4\engine\gameengine\minigin\x64\debug\renderercomponent.obj
d:\howest\onedrive - hogeschool west-vlaanderen\cours\semester 4\programming 4\engine\gameengine\minigin\x64\debug\renderer.obj
d:\howest\onedrive - hogeschool west-vlaanderen\cours\semester 4\programming 4\engine\gameengine\minigin\x64\debug\qbert.obj
d:\howest\onedrive - hogeschool west-vlaanderen\cours\semester 4\programming 4\engine\gameengine\minigin\x64\debug\playerobserver.obj
d:\howest\onedrive - hogeschool west-vlaanderen\cours\semester 4\programming 4\engine\gameengine\minigin\x64\debug\playerdiecommand.obj
d:\howest\onedrive - hogeschool west-vlaanderen\cours\semester 4\programming 4\engine\gameengine\minigin\x64\debug\observer.obj
d:\howest\onedrive - hogeschool west-vlaanderen\cours\semester 4\programming 4\engine\gameengine\minigin\x64\debug\minigin.obj
d:\howest\onedrive - hogeschool west-vlaanderen\cours\semester 4\programming 4\engine\gameengine\minigin\x64\debug\main.obj
d:\howest\onedrive - hogeschool west-vlaanderen\cours\semester 4\programming 4\engine\gameengine\minigin\x64\debug\inputmanager.obj
d:\howest\onedrive - hogeschool west-vlaanderen\cours\semester 4\programming 4\engine\gameengine\minigin\x64\debug\gameobject.obj
d:\howest\onedrive - hogeschool west-vlaanderen\cours\semester 4\programming 4\engine\gameengine\minigin\x64\debug\font.obj
d:\howest\onedrive - hogeschool west-vlaanderen\cours\semester 4\programming 4\engine\gameengine\minigin\x64\debug\component.obj
d:\howest\onedrive - hogeschool west-vlaanderen\cours\semester 4\programming 4\engine\gameengine\minigin\x64\debug\command.obj
d:\howest\onedrive - hogeschool west-vlaanderen\cours\semester 4\programming 4\engine\gameengine\minigin\x64\debug\uiobject.obj
d:\howest\onedrive - hogeschool west-vlaanderen\cours\semester 4\programming 4\engine\gameengine\minigin\x64\debug\transformcomponent.obj
d:\howest\onedrive - hogeschool west-vlaanderen\cours\semester 4\programming 4\engine\gameengine\x64\debug\minigin.exe
d:\howest\onedrive - hogeschool west-vlaanderen\cours\semester 4\programming 4\engine\gameengine\x64\debug\minigin.ilk
d:\howest\onedrive - hogeschool west-vlaanderen\cours\semester 4\programming 4\engine\gameengine\x64\debug\minigin.pdb
d:\howest\onedrive - hogeschool west-vlaanderen\cours\semester 4\programming 4\engine\gameengine\x64\debug\minigin.lib
d:\howest\onedrive - hogeschool west-vlaanderen\cours\semester 4\programming 4\engine\gameengine\x64\debug\minigin.exp
d:\howest\onedrive - hogeschool west-vlaanderen\cours\semester 4\programming 4\engine\gameengine\minigin\x64\debug\minigin.tlog\cl.command.1.tlog
d:\howest\onedrive - hogeschool west-vlaanderen\cours\semester 4\programming 4\engine\gameengine\minigin\x64\debug\minigin.tlog\cl.read.1.tlog
d:\howest\onedrive - hogeschool west-vlaanderen\cours\semester 4\programming 4\engine\gameengine\minigin\x64\debug\minigin.tlog\cl.write.1.tlog
d:\howest\onedrive - hogeschool west-vlaanderen\cours\semester 4\programming 4\engine\gameengine\minigin\x64\debug\minigin.tlog\link.command.1.tlog
d:\howest\onedrive - hogeschool west-vlaanderen\cours\semester 4\programming 4\engine\gameengine\minigin\x64\debug\minigin.tlog\link.read.1.tlog
d:\howest\onedrive - hogeschool west-vlaanderen\cours\semester 4\programming 4\engine\gameengine\minigin\x64\debug\minigin.tlog\link.write.1.tlog
d:\howest\onedrive - hogeschool west-vlaanderen\cours\semester 4\programming 4\engine\gameengine\minigin\x64\debug\minigin.tlog\minigin.write.1u.tlog
